
WISCalculator v1.0
Author Derek Hower (drh5@cs.wisc.edu)
Type "help" for more information

Loading program...
Executing...
lbi r1, -1
INUM:        0 PC: 0x0000 REG: 1 VALUE: 0xffff
lbi r2, 6
INUM:        1 PC: 0x0002 REG: 2 VALUE: 0x0006
jalr r2, 4
INUM:        2 PC: 0x0004 REG: 7 VALUE: 0x0006
lbi r3, 30
INUM:        3 PC: 0x000a REG: 3 VALUE: 0x001e
lbi r2, 12
INUM:        4 PC: 0x000c REG: 2 VALUE: 0x000c
jalr r2, -6
INUM:        5 PC: 0x000e REG: 7 VALUE: 0x0010
lbi r3, 20
INUM:        6 PC: 0x0006 REG: 3 VALUE: 0x0014
halt
program halted
INUM:        7 PC: 0x0008
Program Finished
