/u/k/a/karu//courses/cs552/spring2013/handouts/testprograms/public/inst_tests/add_0.asm SUCCESS CPI:2.6 CYCLES:29 ICOUNT:11 IHITRATE: 0 DHITRATE: 0
/u/k/a/karu//courses/cs552/spring2013/handouts/testprograms/public/inst_tests/add_1.asm SUCCESS CPI:2.2 CYCLES:13 ICOUNT:6 IHITRATE: 0 DHITRATE: 0
/u/k/a/karu//courses/cs552/spring2013/handouts/testprograms/public/inst_tests/add_2.asm SUCCESS CPI:2.2 CYCLES:13 ICOUNT:6 IHITRATE: 0 DHITRATE: 0
/u/k/a/karu//courses/cs552/spring2013/handouts/testprograms/public/inst_tests/addi_0.asm SUCCESS CPI:2.4 CYCLES:12 ICOUNT:5 IHITRATE: 0 DHITRATE: 0
/u/k/a/karu//courses/cs552/spring2013/handouts/testprograms/public/inst_tests/addi_1.asm SUCCESS CPI:2.4 CYCLES:12 ICOUNT:5 IHITRATE: 0 DHITRATE: 0
/u/k/a/karu//courses/cs552/spring2013/handouts/testprograms/public/inst_tests/addi_2.asm SUCCESS CPI:2.4 CYCLES:12 ICOUNT:5 IHITRATE: 0 DHITRATE: 0
/u/k/a/karu//courses/cs552/spring2013/handouts/testprograms/public/inst_tests/addi_3.asm SUCCESS CPI:2.7 CYCLES:16 ICOUNT:6 IHITRATE: 0 DHITRATE: 0
/u/k/a/karu//courses/cs552/spring2013/handouts/testprograms/public/inst_tests/andn_0.asm SUCCESS CPI:2.6 CYCLES:21 ICOUNT:8 IHITRATE: 0 DHITRATE: 0
/u/k/a/karu//courses/cs552/spring2013/handouts/testprograms/public/inst_tests/andn_1.asm SUCCESS CPI:2.6 CYCLES:21 ICOUNT:8 IHITRATE: 0 DHITRATE: 0
/u/k/a/karu//courses/cs552/spring2013/handouts/testprograms/public/inst_tests/andn_2.asm SUCCESS CPI:2.4 CYCLES:12 ICOUNT:5 IHITRATE: 0 DHITRATE: 0
/u/k/a/karu//courses/cs552/spring2013/handouts/testprograms/public/inst_tests/andni_0.asm SUCCESS CPI:2.4 CYCLES:12 ICOUNT:5 IHITRATE: 0 DHITRATE: 0
/u/k/a/karu//courses/cs552/spring2013/handouts/testprograms/public/inst_tests/andni_1.asm SUCCESS CPI:2.4 CYCLES:12 ICOUNT:5 IHITRATE: 0 DHITRATE: 0
/u/k/a/karu//courses/cs552/spring2013/handouts/testprograms/public/inst_tests/andni_2.asm SUCCESS CPI:2.4 CYCLES:12 ICOUNT:5 IHITRATE: 0 DHITRATE: 0
/u/k/a/karu//courses/cs552/spring2013/handouts/testprograms/public/inst_tests/andni_3.asm SUCCESS CPI:2.4 CYCLES:12 ICOUNT:5 IHITRATE: 0 DHITRATE: 0
/u/k/a/karu//courses/cs552/spring2013/handouts/testprograms/public/inst_tests/andni_4.asm SUCCESS CPI:2.4 CYCLES:12 ICOUNT:5 IHITRATE: 0 DHITRATE: 0
/u/k/a/karu//courses/cs552/spring2013/handouts/testprograms/public/inst_tests/beqz_0.asm SUCCESS CPI:2.8 CYCLES:34 ICOUNT:12 IHITRATE: 0 DHITRATE: 0
/u/k/a/karu//courses/cs552/spring2013/handouts/testprograms/public/inst_tests/bltz_0.asm SUCCESS CPI:3.6 CYCLES:18 ICOUNT:5 IHITRATE: 0 DHITRATE: 0
/u/k/a/karu//courses/cs552/spring2013/handouts/testprograms/public/inst_tests/bltz_1.asm SUCCESS CPI:2.8 CYCLES:17 ICOUNT:6 IHITRATE: 0 DHITRATE: 0
/u/k/a/karu//courses/cs552/spring2013/handouts/testprograms/public/inst_tests/bltz_2.asm SUCCESS CPI:2.7 CYCLES:16 ICOUNT:6 IHITRATE: 0 DHITRATE: 0
/u/k/a/karu//courses/cs552/spring2013/handouts/testprograms/public/inst_tests/bltz_3.asm SUCCESS CPI:4.2 CYCLES:21 ICOUNT:5 IHITRATE: 0 DHITRATE: 0
/u/k/a/karu//courses/cs552/spring2013/handouts/testprograms/public/inst_tests/bnez_0.asm SUCCESS CPI:2.4 CYCLES:12 ICOUNT:5 IHITRATE: 0 DHITRATE: 0
/u/k/a/karu//courses/cs552/spring2013/handouts/testprograms/public/inst_tests/bnez_2.asm SUCCESS CPI:2.8 CYCLES:14 ICOUNT:5 IHITRATE: 0 DHITRATE: 0
/u/k/a/karu//courses/cs552/spring2013/handouts/testprograms/public/inst_tests/bnez_3.asm SUCCESS CPI:2.8 CYCLES:14 ICOUNT:5 IHITRATE: 0 DHITRATE: 0
/u/k/a/karu//courses/cs552/spring2013/handouts/testprograms/public/inst_tests/bnez_4.asm SUCCESS CPI:2.8 CYCLES:14 ICOUNT:5 IHITRATE: 0 DHITRATE: 0
/u/k/a/karu//courses/cs552/spring2013/handouts/testprograms/public/inst_tests/bnez_5.asm SUCCESS CPI:3.2 CYCLES:19 ICOUNT:6 IHITRATE: 0 DHITRATE: 0
/u/k/a/karu//courses/cs552/spring2013/handouts/testprograms/public/inst_tests/bnez_6.asm SUCCESS CPI:3.6 CYCLES:18 ICOUNT:5 IHITRATE: 0 DHITRATE: 0
/u/k/a/karu//courses/cs552/spring2013/handouts/testprograms/public/inst_tests/btr_0.asm SUCCESS CPI:2.7 CYCLES:16 ICOUNT:6 IHITRATE: 0 DHITRATE: 0
/u/k/a/karu//courses/cs552/spring2013/handouts/testprograms/public/inst_tests/btr_1.asm SUCCESS CPI:2.7 CYCLES:16 ICOUNT:6 IHITRATE: 0 DHITRATE: 0
/u/k/a/karu//courses/cs552/spring2013/handouts/testprograms/public/inst_tests/btr_2.asm SUCCESS CPI:2.7 CYCLES:16 ICOUNT:6 IHITRATE: 0 DHITRATE: 0
/u/k/a/karu//courses/cs552/spring2013/handouts/testprograms/public/inst_tests/btr_3.asm SUCCESS CPI:2.7 CYCLES:16 ICOUNT:6 IHITRATE: 0 DHITRATE: 0
/u/k/a/karu//courses/cs552/spring2013/handouts/testprograms/public/inst_tests/btr_4.asm SUCCESS CPI:2.7 CYCLES:16 ICOUNT:6 IHITRATE: 0 DHITRATE: 0
/u/k/a/karu//courses/cs552/spring2013/handouts/testprograms/public/inst_tests/btr_5.asm SUCCESS CPI:2.7 CYCLES:16 ICOUNT:6 IHITRATE: 0 DHITRATE: 0
/u/k/a/karu//courses/cs552/spring2013/handouts/testprograms/public/inst_tests/btr_6.asm SUCCESS CPI:2.7 CYCLES:16 ICOUNT:6 IHITRATE: 0 DHITRATE: 0
/u/k/a/karu//courses/cs552/spring2013/handouts/testprograms/public/inst_tests/btr_7.asm SUCCESS CPI:2.7 CYCLES:16 ICOUNT:6 IHITRATE: 0 DHITRATE: 0
/u/k/a/karu//courses/cs552/spring2013/handouts/testprograms/public/inst_tests/btr_8.asm SUCCESS CPI:2.7 CYCLES:16 ICOUNT:6 IHITRATE: 0 DHITRATE: 0
/u/k/a/karu//courses/cs552/spring2013/handouts/testprograms/public/inst_tests/j_0.asm SUCCESS CPI:3.2 CYCLES:19 ICOUNT:6 IHITRATE: 0 DHITRATE: 0
/u/k/a/karu//courses/cs552/spring2013/handouts/testprograms/public/inst_tests/j_1.asm SUCCESS CPI:3.2 CYCLES:19 ICOUNT:6 IHITRATE: 0 DHITRATE: 0
/u/k/a/karu//courses/cs552/spring2013/handouts/testprograms/public/inst_tests/j_2.asm SUCCESS CPI:3.5 CYCLES:14 ICOUNT:4 IHITRATE: 0 DHITRATE: 0
/u/k/a/karu//courses/cs552/spring2013/handouts/testprograms/public/inst_tests/j_3.asm SUCCESS CPI:3.2 CYCLES:13 ICOUNT:4 IHITRATE: 0 DHITRATE: 0
/u/k/a/karu//courses/cs552/spring2013/handouts/testprograms/public/inst_tests/j_4.asm SUCCESS CPI:4.6 CYCLES:37 ICOUNT:8 IHITRATE: 0 DHITRATE: 0
/u/k/a/karu//courses/cs552/spring2013/handouts/testprograms/public/inst_tests/jal_0.asm SUCCESS CPI:2.8 CYCLES:14 ICOUNT:5 IHITRATE: 0 DHITRATE: 0
/u/k/a/karu//courses/cs552/spring2013/handouts/testprograms/public/inst_tests/jal_1.asm SUCCESS CPI:3.2 CYCLES:19 ICOUNT:6 IHITRATE: 0 DHITRATE: 0
/u/k/a/karu//courses/cs552/spring2013/handouts/testprograms/public/inst_tests/jal_10.asm SUCCESS CPI:2.6 CYCLES:13 ICOUNT:5 IHITRATE: 0 DHITRATE: 0
/u/k/a/karu//courses/cs552/spring2013/handouts/testprograms/public/inst_tests/jal_11.asm SUCCESS CPI:2.6 CYCLES:23 ICOUNT:9 IHITRATE: 0 DHITRATE: 0
/u/k/a/karu//courses/cs552/spring2013/handouts/testprograms/public/inst_tests/jal_12.asm FAILED
/u/k/a/karu//courses/cs552/spring2013/handouts/testprograms/public/inst_tests/jal_15.asm SUCCESS CPI:2.6 CYCLES:13 ICOUNT:5 IHITRATE: 0 DHITRATE: 0
/u/k/a/karu//courses/cs552/spring2013/handouts/testprograms/public/inst_tests/jal_16.asm SUCCESS CPI:2.6 CYCLES:13 ICOUNT:5 IHITRATE: 0 DHITRATE: 0
/u/k/a/karu//courses/cs552/spring2013/handouts/testprograms/public/inst_tests/jal_17.asm FAILED
/u/k/a/karu//courses/cs552/spring2013/handouts/testprograms/public/inst_tests/jal_19.asm SUCCESS CPI:2.5 CYCLES:20 ICOUNT:8 IHITRATE: 0 DHITRATE: 0
/u/k/a/karu//courses/cs552/spring2013/handouts/testprograms/public/inst_tests/jal_2.asm SUCCESS CPI:2.8 CYCLES:14 ICOUNT:5 IHITRATE: 0 DHITRATE: 0
/u/k/a/karu//courses/cs552/spring2013/handouts/testprograms/public/inst_tests/jal_22.asm SUCCESS CPI:2.6 CYCLES:13 ICOUNT:5 IHITRATE: 0 DHITRATE: 0
/u/k/a/karu//courses/cs552/spring2013/handouts/testprograms/public/inst_tests/jal_24.asm SUCCESS CPI:2.6 CYCLES:13 ICOUNT:5 IHITRATE: 0 DHITRATE: 0
/u/k/a/karu//courses/cs552/spring2013/handouts/testprograms/public/inst_tests/jal_25.asm SUCCESS CPI:2.6 CYCLES:13 ICOUNT:5 IHITRATE: 0 DHITRATE: 0
/u/k/a/karu//courses/cs552/spring2013/handouts/testprograms/public/inst_tests/jal_26.asm FAILED
/u/k/a/karu//courses/cs552/spring2013/handouts/testprograms/public/inst_tests/jal_27.asm SUCCESS CPI:2.6 CYCLES:18 ICOUNT:7 IHITRATE: 0 DHITRATE: 0
/u/k/a/karu//courses/cs552/spring2013/handouts/testprograms/public/inst_tests/jal_28.asm SUCCESS CPI:2.6 CYCLES:13 ICOUNT:5 IHITRATE: 0 DHITRATE: 0
/u/k/a/karu//courses/cs552/spring2013/handouts/testprograms/public/inst_tests/jal_29.asm SUCCESS CPI:2.6 CYCLES:13 ICOUNT:5 IHITRATE: 0 DHITRATE: 0
/u/k/a/karu//courses/cs552/spring2013/handouts/testprograms/public/inst_tests/jal_3.asm SUCCESS CPI:2.8 CYCLES:14 ICOUNT:5 IHITRATE: 0 DHITRATE: 0
/u/k/a/karu//courses/cs552/spring2013/handouts/testprograms/public/inst_tests/jal_30.asm SUCCESS CPI:3.7 CYCLES:37 ICOUNT:10 IHITRATE: 0 DHITRATE: 0
/u/k/a/karu//courses/cs552/spring2013/handouts/testprograms/public/inst_tests/jal_31.asm FAILED
/u/k/a/karu//courses/cs552/spring2013/handouts/testprograms/public/inst_tests/jal_32.asm SUCCESS CPI:2.6 CYCLES:13 ICOUNT:5 IHITRATE: 0 DHITRATE: 0
/u/k/a/karu//courses/cs552/spring2013/handouts/testprograms/public/inst_tests/jal_33.asm SUCCESS CPI:2.6 CYCLES:13 ICOUNT:5 IHITRATE: 0 DHITRATE: 0
/u/k/a/karu//courses/cs552/spring2013/handouts/testprograms/public/inst_tests/jal_35.asm SUCCESS CPI:2.3 CYCLES:16 ICOUNT:7 IHITRATE: 0 DHITRATE: 0
/u/k/a/karu//courses/cs552/spring2013/handouts/testprograms/public/inst_tests/jal_36.asm SUCCESS CPI:2.1 CYCLES:23 ICOUNT:11 IHITRATE: 0 DHITRATE: 0
/u/k/a/karu//courses/cs552/spring2013/handouts/testprograms/public/inst_tests/jal_4.asm SUCCESS CPI:2.5 CYCLES:15 ICOUNT:6 IHITRATE: 0 DHITRATE: 0
/u/k/a/karu//courses/cs552/spring2013/handouts/testprograms/public/inst_tests/jal_5.asm SUCCESS CPI:3.1 CYCLES:22 ICOUNT:7 IHITRATE: 0 DHITRATE: 0
/u/k/a/karu//courses/cs552/spring2013/handouts/testprograms/public/inst_tests/jal_6.asm SUCCESS CPI:2.5 CYCLES:20 ICOUNT:8 IHITRATE: 0 DHITRATE: 0
/u/k/a/karu//courses/cs552/spring2013/handouts/testprograms/public/inst_tests/jal_8.asm SUCCESS CPI:2.8 CYCLES:14 ICOUNT:5 IHITRATE: 0 DHITRATE: 0
/u/k/a/karu//courses/cs552/spring2013/handouts/testprograms/public/inst_tests/jalr_0.asm SUCCESS CPI:3.2 CYCLES:19 ICOUNT:6 IHITRATE: 0 DHITRATE: 0
/u/k/a/karu//courses/cs552/spring2013/handouts/testprograms/public/inst_tests/jalr_11.asm SUCCESS CPI:2.3 CYCLES:25 ICOUNT:11 IHITRATE: 0 DHITRATE: 0
/u/k/a/karu//courses/cs552/spring2013/handouts/testprograms/public/inst_tests/jalr_12.asm FAILED
/u/k/a/karu//courses/cs552/spring2013/handouts/testprograms/public/inst_tests/jalr_13.asm FAILED
/u/k/a/karu//courses/cs552/spring2013/handouts/testprograms/public/inst_tests/jalr_14.asm FAILED
/u/k/a/karu//courses/cs552/spring2013/handouts/testprograms/public/inst_tests/jalr_15.asm FAILED
/u/k/a/karu//courses/cs552/spring2013/handouts/testprograms/public/inst_tests/jalr_16.asm FAILED
/u/k/a/karu//courses/cs552/spring2013/handouts/testprograms/public/inst_tests/jalr_17.asm SUCCESS CPI:2.4 CYCLES:24 ICOUNT:10 IHITRATE: 0 DHITRATE: 0
/u/k/a/karu//courses/cs552/spring2013/handouts/testprograms/public/inst_tests/jalr_18.asm FAILED
/u/k/a/karu//courses/cs552/spring2013/handouts/testprograms/public/inst_tests/jalr_19.asm FAILED
